Mar 09, 2014 5:19:08 PM org.apache.catalina.core.ApplicationContext log
Informações: ContextListener: contextInitialized()
Mar 09, 2014 5:19:08 PM org.apache.catalina.core.ApplicationContext log
Informações: SessionListener: contextInitialized()
Mar 09, 2014 5:19:08 PM org.apache.catalina.core.ApplicationContext log
Informações: ContextListener: attributeAdded('org.apache.jasper.compiler.TldLocationsCache', 'org.apache.jasper.compiler.TldLocationsCache@3103dc71')
Mar 09, 2014 5:22:01 PM org.apache.catalina.core.ApplicationContext log
Informações: SessionListener: contextDestroyed()
Mar 09, 2014 5:22:01 PM org.apache.catalina.core.ApplicationContext log
Informações: ContextListener: contextDestroyed()
Mar 09, 2014 5:22:19 PM org.apache.catalina.core.ApplicationContext log
Informações: ContextListener: contextInitialized()
Mar 09, 2014 5:22:19 PM org.apache.catalina.core.ApplicationContext log
Informações: SessionListener: contextInitialized()
Mar 09, 2014 5:22:19 PM org.apache.catalina.core.ApplicationContext log
Informações: ContextListener: attributeAdded('org.apache.jasper.compiler.TldLocationsCache', 'org.apache.jasper.compiler.TldLocationsCache@747d97da')
Mar 09, 2014 5:23:23 PM org.apache.catalina.core.ApplicationContext log
Informações: SessionListener: contextDestroyed()
Mar 09, 2014 5:23:23 PM org.apache.catalina.core.ApplicationContext log
Informações: ContextListener: contextDestroyed()
Mar 09, 2014 5:23:32 PM org.apache.catalina.core.ApplicationContext log
Informações: ContextListener: contextInitialized()
Mar 09, 2014 5:23:32 PM org.apache.catalina.core.ApplicationContext log
Informações: SessionListener: contextInitialized()
Mar 09, 2014 5:23:32 PM org.apache.catalina.core.ApplicationContext log
Informações: ContextListener: attributeAdded('org.apache.jasper.compiler.TldLocationsCache', 'org.apache.jasper.compiler.TldLocationsCache@7626caa6')
Mar 09, 2014 5:28:39 PM org.apache.catalina.core.ApplicationContext log
Informações: SessionListener: contextDestroyed()
Mar 09, 2014 5:28:39 PM org.apache.catalina.core.ApplicationContext log
Informações: ContextListener: contextDestroyed()
Mar 09, 2014 5:28:52 PM org.apache.catalina.core.ApplicationContext log
Informações: ContextListener: contextInitialized()
Mar 09, 2014 5:28:52 PM org.apache.catalina.core.ApplicationContext log
Informações: SessionListener: contextInitialized()
Mar 09, 2014 5:28:52 PM org.apache.catalina.core.ApplicationContext log
Informações: ContextListener: attributeAdded('org.apache.jasper.compiler.TldLocationsCache', 'org.apache.jasper.compiler.TldLocationsCache@205b4583')
Mar 09, 2014 5:36:12 PM org.apache.catalina.core.ApplicationContext log
Informações: SessionListener: contextDestroyed()
Mar 09, 2014 5:36:12 PM org.apache.catalina.core.ApplicationContext log
Informações: ContextListener: contextDestroyed()
Mar 09, 2014 5:36:20 PM org.apache.catalina.core.ApplicationContext log
Informações: ContextListener: contextInitialized()
Mar 09, 2014 5:36:20 PM org.apache.catalina.core.ApplicationContext log
Informações: SessionListener: contextInitialized()
Mar 09, 2014 5:36:20 PM org.apache.catalina.core.ApplicationContext log
Informações: ContextListener: attributeAdded('org.apache.jasper.compiler.TldLocationsCache', 'org.apache.jasper.compiler.TldLocationsCache@5646cc0')
Mar 09, 2014 5:45:53 PM org.apache.catalina.core.ApplicationContext log
Informações: SessionListener: contextDestroyed()
Mar 09, 2014 5:45:53 PM org.apache.catalina.core.ApplicationContext log
Informações: ContextListener: contextDestroyed()
Mar 09, 2014 5:46:14 PM org.apache.catalina.core.ApplicationContext log
Informações: ContextListener: contextInitialized()
Mar 09, 2014 5:46:14 PM org.apache.catalina.core.ApplicationContext log
Informações: SessionListener: contextInitialized()
Mar 09, 2014 5:46:14 PM org.apache.catalina.core.ApplicationContext log
Informações: ContextListener: attributeAdded('org.apache.jasper.compiler.TldLocationsCache', 'org.apache.jasper.compiler.TldLocationsCache@4d417095')
Mar 09, 2014 5:46:23 PM org.apache.catalina.core.ApplicationContext log
Informações: ContextListener: contextInitialized()
Mar 09, 2014 5:46:23 PM org.apache.catalina.core.ApplicationContext log
Informações: SessionListener: contextInitialized()
Mar 09, 2014 5:46:23 PM org.apache.catalina.core.ApplicationContext log
Informações: ContextListener: attributeAdded('org.apache.jasper.compiler.TldLocationsCache', 'org.apache.jasper.compiler.TldLocationsCache@47935d4a')
Mar 09, 2014 5:46:23 PM org.apache.catalina.core.ApplicationContext log
Informações: SessionListener: contextDestroyed()
Mar 09, 2014 5:46:23 PM org.apache.catalina.core.ApplicationContext log
Informações: ContextListener: contextDestroyed()
Mar 09, 2014 5:46:45 PM org.apache.catalina.core.ApplicationContext log
Informações: SessionListener: contextDestroyed()
Mar 09, 2014 5:46:45 PM org.apache.catalina.core.ApplicationContext log
Informações: ContextListener: contextDestroyed()
Mar 09, 2014 5:46:59 PM org.apache.catalina.core.ApplicationContext log
Informações: ContextListener: contextInitialized()
Mar 09, 2014 5:46:59 PM org.apache.catalina.core.ApplicationContext log
Informações: SessionListener: contextInitialized()
Mar 09, 2014 5:46:59 PM org.apache.catalina.core.ApplicationContext log
Informações: ContextListener: attributeAdded('org.apache.jasper.compiler.TldLocationsCache', 'org.apache.jasper.compiler.TldLocationsCache@4830ac0d')
Mar 09, 2014 5:47:26 PM org.apache.catalina.core.ApplicationContext log
Informações: SessionListener: contextDestroyed()
Mar 09, 2014 5:47:26 PM org.apache.catalina.core.ApplicationContext log
Informações: ContextListener: contextDestroyed()
Mar 09, 2014 6:05:59 PM org.apache.catalina.core.ApplicationContext log
Informações: ContextListener: contextInitialized()
Mar 09, 2014 6:05:59 PM org.apache.catalina.core.ApplicationContext log
Informações: SessionListener: contextInitialized()
Mar 09, 2014 6:05:59 PM org.apache.catalina.core.ApplicationContext log
Informações: ContextListener: attributeAdded('org.apache.jasper.compiler.TldLocationsCache', 'org.apache.jasper.compiler.TldLocationsCache@79436fa7')
Mar 09, 2014 6:06:47 PM org.apache.catalina.core.ApplicationContext log
Informações: SessionListener: contextDestroyed()
Mar 09, 2014 6:06:47 PM org.apache.catalina.core.ApplicationContext log
Informações: ContextListener: contextDestroyed()
Mar 09, 2014 6:07:05 PM org.apache.catalina.core.ApplicationContext log
Informações: ContextListener: contextInitialized()
Mar 09, 2014 6:07:05 PM org.apache.catalina.core.ApplicationContext log
Informações: SessionListener: contextInitialized()
Mar 09, 2014 6:07:05 PM org.apache.catalina.core.ApplicationContext log
Informações: ContextListener: attributeAdded('org.apache.jasper.compiler.TldLocationsCache', 'org.apache.jasper.compiler.TldLocationsCache@652f6e76')
Mar 09, 2014 8:18:21 PM org.apache.catalina.core.ApplicationContext log
Informações: SessionListener: contextDestroyed()
Mar 09, 2014 8:18:21 PM org.apache.catalina.core.ApplicationContext log
Informações: ContextListener: contextDestroyed()
Mar 09, 2014 8:18:32 PM org.apache.catalina.core.ApplicationContext log
Informações: No Spring WebApplicationInitializer types detected on classpath
Mar 09, 2014 8:18:32 PM org.apache.catalina.core.ApplicationContext log
Informações: ContextListener: contextInitialized()
Mar 09, 2014 8:18:32 PM org.apache.catalina.core.ApplicationContext log
Informações: SessionListener: contextInitialized()
Mar 09, 2014 8:18:32 PM org.apache.catalina.core.ApplicationContext log
Informações: ContextListener: attributeAdded('org.apache.jasper.compiler.TldLocationsCache', 'org.apache.jasper.compiler.TldLocationsCache@6414b16d')
Mar 09, 2014 8:19:28 PM org.apache.catalina.core.ApplicationContext log
Informações: SessionListener: contextDestroyed()
Mar 09, 2014 8:19:28 PM org.apache.catalina.core.ApplicationContext log
Informações: ContextListener: contextDestroyed()
Mar 09, 2014 8:19:48 PM org.apache.catalina.core.ApplicationContext log
Informações: No Spring WebApplicationInitializer types detected on classpath
Mar 09, 2014 8:19:49 PM org.apache.catalina.core.ApplicationContext log
Informações: ContextListener: contextInitialized()
Mar 09, 2014 8:19:49 PM org.apache.catalina.core.ApplicationContext log
Informações: SessionListener: contextInitialized()
Mar 09, 2014 8:19:49 PM org.apache.catalina.core.ApplicationContext log
Informações: ContextListener: attributeAdded('org.apache.jasper.compiler.TldLocationsCache', 'org.apache.jasper.compiler.TldLocationsCache@5282f370')
Mar 09, 2014 8:24:49 PM org.apache.catalina.core.ApplicationContext log
Informações: SessionListener: contextDestroyed()
Mar 09, 2014 8:24:49 PM org.apache.catalina.core.ApplicationContext log
Informações: ContextListener: contextDestroyed()
Mar 09, 2014 8:28:33 PM org.apache.catalina.core.ApplicationContext log
Informações: No Spring WebApplicationInitializer types detected on classpath
Mar 09, 2014 8:28:34 PM org.apache.catalina.core.ApplicationContext log
Informações: ContextListener: contextInitialized()
Mar 09, 2014 8:28:34 PM org.apache.catalina.core.ApplicationContext log
Informações: SessionListener: contextInitialized()
Mar 09, 2014 8:28:34 PM org.apache.catalina.core.ApplicationContext log
Informações: ContextListener: attributeAdded('org.apache.jasper.compiler.TldLocationsCache', 'org.apache.jasper.compiler.TldLocationsCache@37a2c490')
Mar 09, 2014 8:28:40 PM org.apache.catalina.core.ApplicationContext log
Informações: SessionListener: contextDestroyed()
Mar 09, 2014 8:28:40 PM org.apache.catalina.core.ApplicationContext log
Informações: ContextListener: contextDestroyed()
Mar 09, 2014 8:29:03 PM org.apache.catalina.core.ApplicationContext log
Informações: No Spring WebApplicationInitializer types detected on classpath
Mar 09, 2014 8:29:04 PM org.apache.catalina.core.ApplicationContext log
Informações: ContextListener: contextInitialized()
Mar 09, 2014 8:29:04 PM org.apache.catalina.core.ApplicationContext log
Informações: SessionListener: contextInitialized()
Mar 09, 2014 8:29:04 PM org.apache.catalina.core.ApplicationContext log
Informações: ContextListener: attributeAdded('org.apache.jasper.compiler.TldLocationsCache', 'org.apache.jasper.compiler.TldLocationsCache@7ba7e777')
Mar 09, 2014 8:29:52 PM org.apache.catalina.core.ApplicationContext log
Informações: SessionListener: contextDestroyed()
Mar 09, 2014 8:29:52 PM org.apache.catalina.core.ApplicationContext log
Informações: ContextListener: contextDestroyed()
Mar 09, 2014 8:30:16 PM org.apache.catalina.core.ApplicationContext log
Informações: No Spring WebApplicationInitializer types detected on classpath
Mar 09, 2014 8:30:25 PM org.apache.catalina.core.ApplicationContext log
Informações: ContextListener: contextInitialized()
Mar 09, 2014 8:30:25 PM org.apache.catalina.core.ApplicationContext log
Informações: SessionListener: contextInitialized()
Mar 09, 2014 8:30:25 PM org.apache.catalina.core.ApplicationContext log
Informações: ContextListener: attributeAdded('org.apache.jasper.compiler.TldLocationsCache', 'org.apache.jasper.compiler.TldLocationsCache@7861a781')
Mar 09, 2014 8:30:35 PM org.apache.catalina.core.ApplicationContext log
Informações: SessionListener: contextDestroyed()
Mar 09, 2014 8:30:35 PM org.apache.catalina.core.ApplicationContext log
Informações: ContextListener: contextDestroyed()
Mar 09, 2014 8:30:52 PM org.apache.catalina.core.ApplicationContext log
Informações: No Spring WebApplicationInitializer types detected on classpath
Mar 09, 2014 8:30:52 PM org.apache.catalina.core.ApplicationContext log
Informações: ContextListener: contextInitialized()
Mar 09, 2014 8:30:52 PM org.apache.catalina.core.ApplicationContext log
Informações: SessionListener: contextInitialized()
Mar 09, 2014 8:30:52 PM org.apache.catalina.core.ApplicationContext log
Informações: ContextListener: attributeAdded('org.apache.jasper.compiler.TldLocationsCache', 'org.apache.jasper.compiler.TldLocationsCache@19ae3e0f')
Mar 09, 2014 8:31:01 PM org.apache.catalina.core.ApplicationContext log
Informações: SessionListener: contextDestroyed()
Mar 09, 2014 8:31:01 PM org.apache.catalina.core.ApplicationContext log
Informações: ContextListener: contextDestroyed()
Mar 09, 2014 8:35:55 PM org.apache.catalina.core.ApplicationContext log
Informações: No Spring WebApplicationInitializer types detected on classpath
Mar 09, 2014 8:36:02 PM org.apache.catalina.core.ApplicationContext log
Informações: ContextListener: contextInitialized()
Mar 09, 2014 8:36:02 PM org.apache.catalina.core.ApplicationContext log
Informações: SessionListener: contextInitialized()
Mar 09, 2014 8:36:02 PM org.apache.catalina.core.ApplicationContext log
Informações: ContextListener: attributeAdded('org.apache.jasper.compiler.TldLocationsCache', 'org.apache.jasper.compiler.TldLocationsCache@32034752')
Mar 09, 2014 8:36:06 PM org.apache.catalina.core.ApplicationContext log
Informações: SessionListener: contextDestroyed()
Mar 09, 2014 8:36:06 PM org.apache.catalina.core.ApplicationContext log
Informações: ContextListener: contextDestroyed()
Mar 09, 2014 8:36:15 PM org.apache.catalina.core.ApplicationContext log
Informações: No Spring WebApplicationInitializer types detected on classpath
Mar 09, 2014 8:36:16 PM org.apache.catalina.core.ApplicationContext log
Informações: ContextListener: contextInitialized()
Mar 09, 2014 8:36:16 PM org.apache.catalina.core.ApplicationContext log
Informações: SessionListener: contextInitialized()
Mar 09, 2014 8:36:16 PM org.apache.catalina.core.ApplicationContext log
Informações: ContextListener: attributeAdded('org.apache.jasper.compiler.TldLocationsCache', 'org.apache.jasper.compiler.TldLocationsCache@222584d4')
Mar 09, 2014 8:38:38 PM org.apache.catalina.core.ApplicationContext log
Informações: SessionListener: contextDestroyed()
Mar 09, 2014 8:38:38 PM org.apache.catalina.core.ApplicationContext log
Informações: ContextListener: contextDestroyed()
Mar 09, 2014 8:38:57 PM org.apache.catalina.core.ApplicationContext log
Informações: No Spring WebApplicationInitializer types detected on classpath
Mar 09, 2014 8:38:58 PM org.apache.catalina.core.ApplicationContext log
Informações: ContextListener: contextInitialized()
Mar 09, 2014 8:38:58 PM org.apache.catalina.core.ApplicationContext log
Informações: SessionListener: contextInitialized()
Mar 09, 2014 8:38:58 PM org.apache.catalina.core.ApplicationContext log
Informações: ContextListener: attributeAdded('org.apache.jasper.compiler.TldLocationsCache', 'org.apache.jasper.compiler.TldLocationsCache@a8c9e70')
Mar 09, 2014 8:39:04 PM org.apache.catalina.core.ApplicationContext log
Informações: SessionListener: contextDestroyed()
Mar 09, 2014 8:39:04 PM org.apache.catalina.core.ApplicationContext log
Informações: ContextListener: contextDestroyed()
Mar 09, 2014 8:40:31 PM org.apache.catalina.core.ApplicationContext log
Informações: No Spring WebApplicationInitializer types detected on classpath
Mar 09, 2014 8:40:32 PM org.apache.catalina.core.ApplicationContext log
Informações: ContextListener: contextInitialized()
Mar 09, 2014 8:40:32 PM org.apache.catalina.core.ApplicationContext log
Informações: SessionListener: contextInitialized()
Mar 09, 2014 8:40:32 PM org.apache.catalina.core.ApplicationContext log
Informações: ContextListener: attributeAdded('org.apache.jasper.compiler.TldLocationsCache', 'org.apache.jasper.compiler.TldLocationsCache@a8c9e70')
Mar 09, 2014 8:41:22 PM org.apache.catalina.core.ApplicationContext log
Informações: SessionListener: contextDestroyed()
Mar 09, 2014 8:41:22 PM org.apache.catalina.core.ApplicationContext log
Informações: ContextListener: contextDestroyed()
Mar 09, 2014 8:41:42 PM org.apache.catalina.core.ApplicationContext log
Informações: No Spring WebApplicationInitializer types detected on classpath
Mar 09, 2014 8:41:42 PM org.apache.catalina.core.ApplicationContext log
Informações: ContextListener: contextInitialized()
Mar 09, 2014 8:41:42 PM org.apache.catalina.core.ApplicationContext log
Informações: SessionListener: contextInitialized()
Mar 09, 2014 8:41:43 PM org.apache.catalina.core.ApplicationContext log
Informações: ContextListener: attributeAdded('org.apache.jasper.compiler.TldLocationsCache', 'org.apache.jasper.compiler.TldLocationsCache@e2e0d67')
Mar 09, 2014 8:42:10 PM org.apache.catalina.core.ApplicationContext log
Informações: SessionListener: contextDestroyed()
Mar 09, 2014 8:42:10 PM org.apache.catalina.core.ApplicationContext log
Informações: ContextListener: contextDestroyed()
Mar 09, 2014 8:48:59 PM org.apache.catalina.core.ApplicationContext log
Informações: No Spring WebApplicationInitializer types detected on classpath
Mar 09, 2014 8:48:59 PM org.apache.catalina.core.ApplicationContext log
Informações: ContextListener: contextInitialized()
Mar 09, 2014 8:48:59 PM org.apache.catalina.core.ApplicationContext log
Informações: SessionListener: contextInitialized()
Mar 09, 2014 8:48:59 PM org.apache.catalina.core.ApplicationContext log
Informações: ContextListener: attributeAdded('org.apache.jasper.compiler.TldLocationsCache', 'org.apache.jasper.compiler.TldLocationsCache@35ae270d')
Mar 09, 2014 8:52:26 PM org.apache.catalina.core.ApplicationContext log
Informações: SessionListener: contextDestroyed()
Mar 09, 2014 8:52:26 PM org.apache.catalina.core.ApplicationContext log
Informações: ContextListener: contextDestroyed()
Mar 09, 2014 8:52:33 PM org.apache.catalina.core.ApplicationContext log
Informações: No Spring WebApplicationInitializer types detected on classpath
Mar 09, 2014 8:52:34 PM org.apache.catalina.core.ApplicationContext log
Informações: ContextListener: contextInitialized()
Mar 09, 2014 8:52:34 PM org.apache.catalina.core.ApplicationContext log
Informações: SessionListener: contextInitialized()
Mar 09, 2014 8:52:34 PM org.apache.catalina.core.ApplicationContext log
Informações: ContextListener: attributeAdded('org.apache.jasper.compiler.TldLocationsCache', 'org.apache.jasper.compiler.TldLocationsCache@3726c255')
Mar 09, 2014 8:52:37 PM org.apache.catalina.core.ApplicationContext log
Informações: SessionListener: contextDestroyed()
Mar 09, 2014 8:52:37 PM org.apache.catalina.core.ApplicationContext log
Informações: ContextListener: contextDestroyed()
Mar 09, 2014 8:52:45 PM org.apache.catalina.core.ApplicationContext log
Informações: No Spring WebApplicationInitializer types detected on classpath
Mar 09, 2014 8:52:46 PM org.apache.catalina.core.ApplicationContext log
Informações: ContextListener: contextInitialized()
Mar 09, 2014 8:52:46 PM org.apache.catalina.core.ApplicationContext log
Informações: SessionListener: contextInitialized()
Mar 09, 2014 8:52:46 PM org.apache.catalina.core.ApplicationContext log
Informações: ContextListener: attributeAdded('org.apache.jasper.compiler.TldLocationsCache', 'org.apache.jasper.compiler.TldLocationsCache@2d22bfc8')
Mar 09, 2014 8:54:20 PM org.apache.catalina.core.ApplicationContext log
Informações: SessionListener: contextDestroyed()
Mar 09, 2014 8:54:20 PM org.apache.catalina.core.ApplicationContext log
Informações: ContextListener: contextDestroyed()
Mar 09, 2014 8:54:49 PM org.apache.catalina.core.ApplicationContext log
Informações: No Spring WebApplicationInitializer types detected on classpath
Mar 09, 2014 8:54:50 PM org.apache.catalina.core.ApplicationContext log
Informações: ContextListener: contextInitialized()
Mar 09, 2014 8:54:50 PM org.apache.catalina.core.ApplicationContext log
Informações: SessionListener: contextInitialized()
Mar 09, 2014 8:54:50 PM org.apache.catalina.core.ApplicationContext log
Informações: ContextListener: attributeAdded('org.apache.jasper.compiler.TldLocationsCache', 'org.apache.jasper.compiler.TldLocationsCache@2e3b259e')
Mar 09, 2014 8:55:41 PM org.apache.catalina.core.ApplicationContext log
Informações: SessionListener: contextDestroyed()
Mar 09, 2014 8:55:41 PM org.apache.catalina.core.ApplicationContext log
Informações: ContextListener: contextDestroyed()
Mar 09, 2014 8:55:58 PM org.apache.catalina.core.ApplicationContext log
Informações: No Spring WebApplicationInitializer types detected on classpath
Mar 09, 2014 8:55:58 PM org.apache.catalina.core.ApplicationContext log
Informações: ContextListener: contextInitialized()
Mar 09, 2014 8:55:58 PM org.apache.catalina.core.ApplicationContext log
Informações: SessionListener: contextInitialized()
Mar 09, 2014 8:55:58 PM org.apache.catalina.core.ApplicationContext log
Informações: ContextListener: attributeAdded('org.apache.jasper.compiler.TldLocationsCache', 'org.apache.jasper.compiler.TldLocationsCache@1f6f6df3')
Mar 09, 2014 8:57:01 PM org.apache.catalina.core.ApplicationContext log
Informações: SessionListener: contextDestroyed()
Mar 09, 2014 8:57:01 PM org.apache.catalina.core.ApplicationContext log
Informações: ContextListener: contextDestroyed()
Mar 09, 2014 8:57:57 PM org.apache.catalina.core.ApplicationContext log
Informações: No Spring WebApplicationInitializer types detected on classpath
Mar 09, 2014 8:57:58 PM org.apache.catalina.core.ApplicationContext log
Informações: ContextListener: contextInitialized()
Mar 09, 2014 8:57:58 PM org.apache.catalina.core.ApplicationContext log
Informações: SessionListener: contextInitialized()
Mar 09, 2014 8:57:58 PM org.apache.catalina.core.ApplicationContext log
Informações: ContextListener: attributeAdded('org.apache.jasper.compiler.TldLocationsCache', 'org.apache.jasper.compiler.TldLocationsCache@51a076bc')
Mar 09, 2014 8:59:16 PM org.apache.catalina.core.ApplicationContext log
Informações: SessionListener: contextDestroyed()
Mar 09, 2014 8:59:16 PM org.apache.catalina.core.ApplicationContext log
Informações: ContextListener: contextDestroyed()
Mar 09, 2014 9:01:39 PM org.apache.catalina.core.ApplicationContext log
Informações: No Spring WebApplicationInitializer types detected on classpath
Mar 09, 2014 9:01:39 PM org.apache.catalina.core.ApplicationContext log
Informações: ContextListener: contextInitialized()
Mar 09, 2014 9:01:39 PM org.apache.catalina.core.ApplicationContext log
Informações: SessionListener: contextInitialized()
Mar 09, 2014 9:01:39 PM org.apache.catalina.core.ApplicationContext log
Informações: ContextListener: attributeAdded('org.apache.jasper.compiler.TldLocationsCache', 'org.apache.jasper.compiler.TldLocationsCache@4670f288')
Mar 09, 2014 9:02:57 PM org.apache.catalina.core.ApplicationContext log
Informações: SessionListener: contextDestroyed()
Mar 09, 2014 9:02:57 PM org.apache.catalina.core.ApplicationContext log
Informações: ContextListener: contextDestroyed()
Mar 09, 2014 9:06:51 PM org.apache.catalina.core.ApplicationContext log
Informações: No Spring WebApplicationInitializer types detected on classpath
Mar 09, 2014 9:06:51 PM org.apache.catalina.core.ApplicationContext log
Informações: ContextListener: contextInitialized()
Mar 09, 2014 9:06:51 PM org.apache.catalina.core.ApplicationContext log
Informações: SessionListener: contextInitialized()
Mar 09, 2014 9:06:51 PM org.apache.catalina.core.ApplicationContext log
Informações: ContextListener: attributeAdded('org.apache.jasper.compiler.TldLocationsCache', 'org.apache.jasper.compiler.TldLocationsCache@78ad45e9')
Mar 09, 2014 9:07:36 PM org.apache.catalina.core.ApplicationContext log
Informações: SessionListener: contextDestroyed()
Mar 09, 2014 9:07:36 PM org.apache.catalina.core.ApplicationContext log
Informações: ContextListener: contextDestroyed()
Mar 09, 2014 9:16:05 PM org.apache.catalina.core.ApplicationContext log
Informações: No Spring WebApplicationInitializer types detected on classpath
Mar 09, 2014 9:16:06 PM org.apache.catalina.core.ApplicationContext log
Informações: ContextListener: contextInitialized()
Mar 09, 2014 9:16:06 PM org.apache.catalina.core.ApplicationContext log
Informações: SessionListener: contextInitialized()
Mar 09, 2014 9:16:06 PM org.apache.catalina.core.ApplicationContext log
Informações: ContextListener: attributeAdded('org.apache.jasper.compiler.TldLocationsCache', 'org.apache.jasper.compiler.TldLocationsCache@1edc700d')
Mar 09, 2014 9:21:30 PM org.apache.catalina.core.ApplicationContext log
Informações: SessionListener: contextDestroyed()
Mar 09, 2014 9:21:30 PM org.apache.catalina.core.ApplicationContext log
Informações: ContextListener: contextDestroyed()
Mar 09, 2014 9:21:52 PM org.apache.catalina.core.ApplicationContext log
Informações: No Spring WebApplicationInitializer types detected on classpath
Mar 09, 2014 9:21:59 PM org.apache.catalina.core.ApplicationContext log
Informações: ContextListener: contextInitialized()
Mar 09, 2014 9:21:59 PM org.apache.catalina.core.ApplicationContext log
Informações: SessionListener: contextInitialized()
Mar 09, 2014 9:21:59 PM org.apache.catalina.core.ApplicationContext log
Informações: ContextListener: attributeAdded('org.apache.jasper.compiler.TldLocationsCache', 'org.apache.jasper.compiler.TldLocationsCache@a2d3acd')
Mar 09, 2014 9:24:39 PM org.apache.catalina.core.ApplicationContext log
Informações: SessionListener: contextDestroyed()
Mar 09, 2014 9:24:39 PM org.apache.catalina.core.ApplicationContext log
Informações: ContextListener: contextDestroyed()
Mar 09, 2014 9:27:29 PM org.apache.catalina.core.ApplicationContext log
Informações: No Spring WebApplicationInitializer types detected on classpath
Mar 09, 2014 9:27:29 PM org.apache.catalina.core.ApplicationContext log
Informações: Initializing Spring FrameworkServlet 'spring'
Mar 09, 2014 9:27:29 PM org.apache.catalina.core.ApplicationContext log
Grave: StandardWrapper.Throwable
org.springframework.beans.factory.BeanDefinitionStoreException: IOException parsing XML document from ServletContext resource [/WEB-INF/spring-servlet.xml]; nested exception is java.io.FileNotFoundException: Could not open ServletContext resource [/WEB-INF/spring-servlet.xml]
	at org.springframework.beans.factory.xml.XmlBeanDefinitionReader.loadBeanDefinitions(XmlBeanDefinitionReader.java:341)
	at org.springframework.beans.factory.xml.XmlBeanDefinitionReader.loadBeanDefinitions(XmlBeanDefinitionReader.java:302)
	at org.springframework.beans.factory.support.AbstractBeanDefinitionReader.loadBeanDefinitions(AbstractBeanDefinitionReader.java:174)
	at org.springframework.beans.factory.support.AbstractBeanDefinitionReader.loadBeanDefinitions(AbstractBeanDefinitionReader.java:209)
	at org.springframework.beans.factory.support.AbstractBeanDefinitionReader.loadBeanDefinitions(AbstractBeanDefinitionReader.java:180)
	at org.springframework.web.context.support.XmlWebApplicationContext.loadBeanDefinitions(XmlWebApplicationContext.java:125)
	at org.springframework.web.context.support.XmlWebApplicationContext.loadBeanDefinitions(XmlWebApplicationContext.java:94)
	at org.springframework.context.support.AbstractRefreshableApplicationContext.refreshBeanFactory(AbstractRefreshableApplicationContext.java:130)
	at org.springframework.context.support.AbstractApplicationContext.obtainFreshBeanFactory(AbstractApplicationContext.java:537)
	at org.springframework.context.support.AbstractApplicationContext.refresh(AbstractApplicationContext.java:451)
	at org.springframework.web.servlet.FrameworkServlet.configureAndRefreshWebApplicationContext(FrameworkServlet.java:651)
	at org.springframework.web.servlet.FrameworkServlet.createWebApplicationContext(FrameworkServlet.java:599)
	at org.springframework.web.servlet.FrameworkServlet.createWebApplicationContext(FrameworkServlet.java:665)
	at org.springframework.web.servlet.FrameworkServlet.initWebApplicationContext(FrameworkServlet.java:518)
	at org.springframework.web.servlet.FrameworkServlet.initServletBean(FrameworkServlet.java:459)
	at org.springframework.web.servlet.HttpServletBean.init(HttpServletBean.java:136)
	at javax.servlet.GenericServlet.init(GenericServlet.java:158)
	at org.apache.catalina.core.StandardWrapper.initServlet(StandardWrapper.java:1279)
	at org.apache.catalina.core.StandardWrapper.loadServlet(StandardWrapper.java:1192)
	at org.apache.catalina.core.StandardWrapper.load(StandardWrapper.java:1087)
	at org.apache.catalina.core.StandardContext.loadOnStartup(StandardContext.java:5210)
	at org.apache.catalina.core.StandardContext.startInternal(StandardContext.java:5493)
	at org.apache.catalina.util.LifecycleBase.start(LifecycleBase.java:150)
	at org.apache.catalina.core.ContainerBase.addChildInternal(ContainerBase.java:901)
	at org.apache.catalina.core.ContainerBase.addChild(ContainerBase.java:877)
	at org.apache.catalina.core.StandardHost.addChild(StandardHost.java:632)
	at org.apache.catalina.startup.HostConfig.deployWAR(HostConfig.java:1073)
	at org.apache.catalina.startup.HostConfig$DeployWar.run(HostConfig.java:1857)
	at java.util.concurrent.Executors$RunnableAdapter.call(Executors.java:471)
	at java.util.concurrent.FutureTask.run(FutureTask.java:262)
	at java.util.concurrent.ThreadPoolExecutor.runWorker(ThreadPoolExecutor.java:1145)
	at java.util.concurrent.ThreadPoolExecutor$Worker.run(ThreadPoolExecutor.java:615)
	at java.lang.Thread.run(Thread.java:744)
Caused by: java.io.FileNotFoundException: Could not open ServletContext resource [/WEB-INF/spring-servlet.xml]
	at org.springframework.web.context.support.ServletContextResource.getInputStream(ServletContextResource.java:140)
	at org.springframework.beans.factory.xml.XmlBeanDefinitionReader.loadBeanDefinitions(XmlBeanDefinitionReader.java:328)
	... 32 more

Mar 09, 2014 9:27:29 PM org.apache.catalina.core.StandardContext loadOnStartup
Grave: Servlet /view threw load() exception
java.io.FileNotFoundException: Could not open ServletContext resource [/WEB-INF/spring-servlet.xml]
	at org.springframework.web.context.support.ServletContextResource.getInputStream(ServletContextResource.java:140)
	at org.springframework.beans.factory.xml.XmlBeanDefinitionReader.loadBeanDefinitions(XmlBeanDefinitionReader.java:328)
	at org.springframework.beans.factory.xml.XmlBeanDefinitionReader.loadBeanDefinitions(XmlBeanDefinitionReader.java:302)
	at org.springframework.beans.factory.support.AbstractBeanDefinitionReader.loadBeanDefinitions(AbstractBeanDefinitionReader.java:174)
	at org.springframework.beans.factory.support.AbstractBeanDefinitionReader.loadBeanDefinitions(AbstractBeanDefinitionReader.java:209)
	at org.springframework.beans.factory.support.AbstractBeanDefinitionReader.loadBeanDefinitions(AbstractBeanDefinitionReader.java:180)
	at org.springframework.web.context.support.XmlWebApplicationContext.loadBeanDefinitions(XmlWebApplicationContext.java:125)
	at org.springframework.web.context.support.XmlWebApplicationContext.loadBeanDefinitions(XmlWebApplicationContext.java:94)
	at org.springframework.context.support.AbstractRefreshableApplicationContext.refreshBeanFactory(AbstractRefreshableApplicationContext.java:130)
	at org.springframework.context.support.AbstractApplicationContext.obtainFreshBeanFactory(AbstractApplicationContext.java:537)
	at org.springframework.context.support.AbstractApplicationContext.refresh(AbstractApplicationContext.java:451)
	at org.springframework.web.servlet.FrameworkServlet.configureAndRefreshWebApplicationContext(FrameworkServlet.java:651)
	at org.springframework.web.servlet.FrameworkServlet.createWebApplicationContext(FrameworkServlet.java:599)
	at org.springframework.web.servlet.FrameworkServlet.createWebApplicationContext(FrameworkServlet.java:665)
	at org.springframework.web.servlet.FrameworkServlet.initWebApplicationContext(FrameworkServlet.java:518)
	at org.springframework.web.servlet.FrameworkServlet.initServletBean(FrameworkServlet.java:459)
	at org.springframework.web.servlet.HttpServletBean.init(HttpServletBean.java:136)
	at javax.servlet.GenericServlet.init(GenericServlet.java:158)
	at org.apache.catalina.core.StandardWrapper.initServlet(StandardWrapper.java:1279)
	at org.apache.catalina.core.StandardWrapper.loadServlet(StandardWrapper.java:1192)
	at org.apache.catalina.core.StandardWrapper.load(StandardWrapper.java:1087)
	at org.apache.catalina.core.StandardContext.loadOnStartup(StandardContext.java:5210)
	at org.apache.catalina.core.StandardContext.startInternal(StandardContext.java:5493)
	at org.apache.catalina.util.LifecycleBase.start(LifecycleBase.java:150)
	at org.apache.catalina.core.ContainerBase.addChildInternal(ContainerBase.java:901)
	at org.apache.catalina.core.ContainerBase.addChild(ContainerBase.java:877)
	at org.apache.catalina.core.StandardHost.addChild(StandardHost.java:632)
	at org.apache.catalina.startup.HostConfig.deployWAR(HostConfig.java:1073)
	at org.apache.catalina.startup.HostConfig$DeployWar.run(HostConfig.java:1857)
	at java.util.concurrent.Executors$RunnableAdapter.call(Executors.java:471)
	at java.util.concurrent.FutureTask.run(FutureTask.java:262)
	at java.util.concurrent.ThreadPoolExecutor.runWorker(ThreadPoolExecutor.java:1145)
	at java.util.concurrent.ThreadPoolExecutor$Worker.run(ThreadPoolExecutor.java:615)
	at java.lang.Thread.run(Thread.java:744)

Mar 09, 2014 9:27:30 PM org.apache.catalina.core.ApplicationContext log
Informações: ContextListener: contextInitialized()
Mar 09, 2014 9:27:30 PM org.apache.catalina.core.ApplicationContext log
Informações: SessionListener: contextInitialized()
Mar 09, 2014 9:27:30 PM org.apache.catalina.core.ApplicationContext log
Informações: ContextListener: attributeAdded('org.apache.jasper.compiler.TldLocationsCache', 'org.apache.jasper.compiler.TldLocationsCache@5031c1e1')
Mar 09, 2014 9:33:05 PM org.apache.catalina.core.ApplicationContext log
Informações: SessionListener: contextDestroyed()
Mar 09, 2014 9:33:05 PM org.apache.catalina.core.ApplicationContext log
Informações: ContextListener: contextDestroyed()
Mar 09, 2014 9:33:25 PM org.apache.catalina.core.ApplicationContext log
Informações: No Spring WebApplicationInitializer types detected on classpath
Mar 09, 2014 9:33:25 PM org.apache.catalina.core.ApplicationContext log
Informações: Initializing Spring root WebApplicationContext
Mar 09, 2014 9:33:25 PM org.apache.catalina.core.StandardContext listenerStart
Grave: Exception sending context initialized event to listener instance of class org.springframework.web.context.ContextLoaderListener
org.springframework.beans.factory.BeanDefinitionStoreException: IOException parsing XML document from ServletContext resource [/WEB-INF/dispatcher-servlet.xml]; nested exception is java.io.FileNotFoundException: Could not open ServletContext resource [/WEB-INF/dispatcher-servlet.xml]
	at org.springframework.beans.factory.xml.XmlBeanDefinitionReader.loadBeanDefinitions(XmlBeanDefinitionReader.java:341)
	at org.springframework.beans.factory.xml.XmlBeanDefinitionReader.loadBeanDefinitions(XmlBeanDefinitionReader.java:302)
	at org.springframework.beans.factory.support.AbstractBeanDefinitionReader.loadBeanDefinitions(AbstractBeanDefinitionReader.java:174)
	at org.springframework.beans.factory.support.AbstractBeanDefinitionReader.loadBeanDefinitions(AbstractBeanDefinitionReader.java:209)
	at org.springframework.beans.factory.support.AbstractBeanDefinitionReader.loadBeanDefinitions(AbstractBeanDefinitionReader.java:180)
	at org.springframework.web.context.support.XmlWebApplicationContext.loadBeanDefinitions(XmlWebApplicationContext.java:125)
	at org.springframework.web.context.support.XmlWebApplicationContext.loadBeanDefinitions(XmlWebApplicationContext.java:94)
	at org.springframework.context.support.AbstractRefreshableApplicationContext.refreshBeanFactory(AbstractRefreshableApplicationContext.java:130)
	at org.springframework.context.support.AbstractApplicationContext.obtainFreshBeanFactory(AbstractApplicationContext.java:537)
	at org.springframework.context.support.AbstractApplicationContext.refresh(AbstractApplicationContext.java:451)
	at org.springframework.web.context.ContextLoader.configureAndRefreshWebApplicationContext(ContextLoader.java:389)
	at org.springframework.web.context.ContextLoader.initWebApplicationContext(ContextLoader.java:294)
	at org.springframework.web.context.ContextLoaderListener.contextInitialized(ContextLoaderListener.java:112)
	at org.apache.catalina.core.StandardContext.listenerStart(StandardContext.java:4973)
	at org.apache.catalina.core.StandardContext.startInternal(StandardContext.java:5467)
	at org.apache.catalina.util.LifecycleBase.start(LifecycleBase.java:150)
	at org.apache.catalina.core.ContainerBase.addChildInternal(ContainerBase.java:901)
	at org.apache.catalina.core.ContainerBase.addChild(ContainerBase.java:877)
	at org.apache.catalina.core.StandardHost.addChild(StandardHost.java:632)
	at org.apache.catalina.startup.HostConfig.deployWAR(HostConfig.java:1073)
	at org.apache.catalina.startup.HostConfig$DeployWar.run(HostConfig.java:1857)
	at java.util.concurrent.Executors$RunnableAdapter.call(Executors.java:471)
	at java.util.concurrent.FutureTask.run(FutureTask.java:262)
	at java.util.concurrent.ThreadPoolExecutor.runWorker(ThreadPoolExecutor.java:1145)
	at java.util.concurrent.ThreadPoolExecutor$Worker.run(ThreadPoolExecutor.java:615)
	at java.lang.Thread.run(Thread.java:744)
Caused by: java.io.FileNotFoundException: Could not open ServletContext resource [/WEB-INF/dispatcher-servlet.xml]
	at org.springframework.web.context.support.ServletContextResource.getInputStream(ServletContextResource.java:140)
	at org.springframework.beans.factory.xml.XmlBeanDefinitionReader.loadBeanDefinitions(XmlBeanDefinitionReader.java:328)
	... 25 more

Mar 09, 2014 9:33:25 PM org.apache.catalina.core.ApplicationContext log
Informações: Closing Spring root WebApplicationContext
Mar 09, 2014 9:33:25 PM org.apache.catalina.core.StandardContext listenerStop
Grave: Exception sending context destroyed event to listener instance of class org.springframework.web.context.ContextLoaderListener
java.lang.IllegalStateException: BeanFactory not initialized or already closed - call 'refresh' before accessing beans via the ApplicationContext
	at org.springframework.context.support.AbstractRefreshableApplicationContext.getBeanFactory(AbstractRefreshableApplicationContext.java:171)
	at org.springframework.context.support.AbstractApplicationContext.destroyBeans(AbstractApplicationContext.java:1090)
	at org.springframework.context.support.AbstractApplicationContext.doClose(AbstractApplicationContext.java:1064)
	at org.springframework.context.support.AbstractApplicationContext.close(AbstractApplicationContext.java:1010)
	at org.springframework.web.context.ContextLoader.closeWebApplicationContext(ContextLoader.java:559)
	at org.springframework.web.context.ContextLoaderListener.contextDestroyed(ContextLoaderListener.java:143)
	at org.apache.catalina.core.StandardContext.listenerStop(StandardContext.java:5014)
	at org.apache.catalina.core.StandardContext.stopInternal(StandardContext.java:5659)
	at org.apache.catalina.util.LifecycleBase.stop(LifecycleBase.java:232)
	at org.apache.catalina.util.LifecycleBase.start(LifecycleBase.java:160)
	at org.apache.catalina.core.ContainerBase.addChildInternal(ContainerBase.java:901)
	at org.apache.catalina.core.ContainerBase.addChild(ContainerBase.java:877)
	at org.apache.catalina.core.StandardHost.addChild(StandardHost.java:632)
	at org.apache.catalina.startup.HostConfig.deployWAR(HostConfig.java:1073)
	at org.apache.catalina.startup.HostConfig$DeployWar.run(HostConfig.java:1857)
	at java.util.concurrent.Executors$RunnableAdapter.call(Executors.java:471)
	at java.util.concurrent.FutureTask.run(FutureTask.java:262)
	at java.util.concurrent.ThreadPoolExecutor.runWorker(ThreadPoolExecutor.java:1145)
	at java.util.concurrent.ThreadPoolExecutor$Worker.run(ThreadPoolExecutor.java:615)
	at java.lang.Thread.run(Thread.java:744)

Mar 09, 2014 9:33:26 PM org.apache.catalina.core.ApplicationContext log
Informações: ContextListener: contextInitialized()
Mar 09, 2014 9:33:26 PM org.apache.catalina.core.ApplicationContext log
Informações: SessionListener: contextInitialized()
Mar 09, 2014 9:33:26 PM org.apache.catalina.core.ApplicationContext log
Informações: ContextListener: attributeAdded('org.apache.jasper.compiler.TldLocationsCache', 'org.apache.jasper.compiler.TldLocationsCache@32fb6aed')
Mar 09, 2014 9:34:25 PM org.apache.catalina.core.ApplicationContext log
Informações: SessionListener: contextDestroyed()
Mar 09, 2014 9:34:25 PM org.apache.catalina.core.ApplicationContext log
Informações: ContextListener: contextDestroyed()
Mar 09, 2014 9:34:45 PM org.apache.catalina.core.ApplicationContext log
Informações: No Spring WebApplicationInitializer types detected on classpath
Mar 09, 2014 9:34:45 PM org.apache.catalina.core.ApplicationContext log
Informações: Initializing Spring root WebApplicationContext
Mar 09, 2014 9:34:45 PM org.apache.catalina.core.StandardContext listenerStart
Grave: Exception sending context initialized event to listener instance of class org.springframework.web.context.ContextLoaderListener
org.springframework.beans.factory.xml.XmlBeanDefinitionStoreException: Line 65 in XML document from ServletContext resource [/WEB-INF/dispatcher-servlet.xml] is invalid; nested exception is org.xml.sax.SAXParseException; lineNumber: 65; columnNumber: 39; cvc-complex-type.2.4.a: Foi detectado um conteúdo inválido começando com o elemento 'property'. Era esperado um dos '{"http://www.springframework.org/schema/beans":import, "http://www.springframework.org/schema/beans":alias, "http://www.springframework.org/schema/beans":bean, WC[##other:"http://www.springframework.org/schema/beans"]}'.
	at org.springframework.beans.factory.xml.XmlBeanDefinitionReader.doLoadBeanDefinitions(XmlBeanDefinitionReader.java:396)
	at org.springframework.beans.factory.xml.XmlBeanDefinitionReader.loadBeanDefinitions(XmlBeanDefinitionReader.java:334)
	at org.springframework.beans.factory.xml.XmlBeanDefinitionReader.loadBeanDefinitions(XmlBeanDefinitionReader.java:302)
	at org.springframework.beans.factory.support.AbstractBeanDefinitionReader.loadBeanDefinitions(AbstractBeanDefinitionReader.java:174)
	at org.springframework.beans.factory.support.AbstractBeanDefinitionReader.loadBeanDefinitions(AbstractBeanDefinitionReader.java:209)
	at org.springframework.beans.factory.support.AbstractBeanDefinitionReader.loadBeanDefinitions(AbstractBeanDefinitionReader.java:180)
	at org.springframework.web.context.support.XmlWebApplicationContext.loadBeanDefinitions(XmlWebApplicationContext.java:125)
	at org.springframework.web.context.support.XmlWebApplicationContext.loadBeanDefinitions(XmlWebApplicationContext.java:94)
	at org.springframework.context.support.AbstractRefreshableApplicationContext.refreshBeanFactory(AbstractRefreshableApplicationContext.java:130)
	at org.springframework.context.support.AbstractApplicationContext.obtainFreshBeanFactory(AbstractApplicationContext.java:537)
	at org.springframework.context.support.AbstractApplicationContext.refresh(AbstractApplicationContext.java:451)
	at org.springframework.web.context.ContextLoader.configureAndRefreshWebApplicationContext(ContextLoader.java:389)
	at org.springframework.web.context.ContextLoader.initWebApplicationContext(ContextLoader.java:294)
	at org.springframework.web.context.ContextLoaderListener.contextInitialized(ContextLoaderListener.java:112)
	at org.apache.catalina.core.StandardContext.listenerStart(StandardContext.java:4973)
	at org.apache.catalina.core.StandardContext.startInternal(StandardContext.java:5467)
	at org.apache.catalina.util.LifecycleBase.start(LifecycleBase.java:150)
	at org.apache.catalina.core.ContainerBase.addChildInternal(ContainerBase.java:901)
	at org.apache.catalina.core.ContainerBase.addChild(ContainerBase.java:877)
	at org.apache.catalina.core.StandardHost.addChild(StandardHost.java:632)
	at org.apache.catalina.startup.HostConfig.deployWAR(HostConfig.java:1073)
	at org.apache.catalina.startup.HostConfig$DeployWar.run(HostConfig.java:1857)
	at java.util.concurrent.Executors$RunnableAdapter.call(Executors.java:471)
	at java.util.concurrent.FutureTask.run(FutureTask.java:262)
	at java.util.concurrent.ThreadPoolExecutor.runWorker(ThreadPoolExecutor.java:1145)
	at java.util.concurrent.ThreadPoolExecutor$Worker.run(ThreadPoolExecutor.java:615)
	at java.lang.Thread.run(Thread.java:744)
Caused by: org.xml.sax.SAXParseException; lineNumber: 65; columnNumber: 39; cvc-complex-type.2.4.a: Foi detectado um conteúdo inválido começando com o elemento 'property'. Era esperado um dos '{"http://www.springframework.org/schema/beans":import, "http://www.springframework.org/schema/beans":alias, "http://www.springframework.org/schema/beans":bean, WC[##other:"http://www.springframework.org/schema/beans"]}'.
	at com.sun.org.apache.xerces.internal.util.ErrorHandlerWrapper.createSAXParseException(ErrorHandlerWrapper.java:198)
	at com.sun.org.apache.xerces.internal.util.ErrorHandlerWrapper.error(ErrorHandlerWrapper.java:134)
	at com.sun.org.apache.xerces.internal.impl.XMLErrorReporter.reportError(XMLErrorReporter.java:437)
	at com.sun.org.apache.xerces.internal.impl.XMLErrorReporter.reportError(XMLErrorReporter.java:368)
	at com.sun.org.apache.xerces.internal.impl.XMLErrorReporter.reportError(XMLErrorReporter.java:325)
	at com.sun.org.apache.xerces.internal.impl.xs.XMLSchemaValidator$XSIErrorReporter.reportError(XMLSchemaValidator.java:458)
	at com.sun.org.apache.xerces.internal.impl.xs.XMLSchemaValidator.reportSchemaError(XMLSchemaValidator.java:3237)
	at com.sun.org.apache.xerces.internal.impl.xs.XMLSchemaValidator.handleStartElement(XMLSchemaValidator.java:1796)
	at com.sun.org.apache.xerces.internal.impl.xs.XMLSchemaValidator.startElement(XMLSchemaValidator.java:746)
	at com.sun.org.apache.xerces.internal.impl.XMLNSDocumentScannerImpl.scanStartElement(XMLNSDocumentScannerImpl.java:378)
	at com.sun.org.apache.xerces.internal.impl.XMLDocumentFragmentScannerImpl$FragmentContentDriver.next(XMLDocumentFragmentScannerImpl.java:2778)
	at com.sun.org.apache.xerces.internal.impl.XMLDocumentScannerImpl.next(XMLDocumentScannerImpl.java:606)
	at com.sun.org.apache.xerces.internal.impl.XMLNSDocumentScannerImpl.next(XMLNSDocumentScannerImpl.java:117)
	at com.sun.org.apache.xerces.internal.impl.XMLDocumentFragmentScannerImpl.scanDocument(XMLDocumentFragmentScannerImpl.java:510)
	at com.sun.org.apache.xerces.internal.parsers.XML11Configuration.parse(XML11Configuration.java:848)
	at com.sun.org.apache.xerces.internal.parsers.XML11Configuration.parse(XML11Configuration.java:777)
	at com.sun.org.apache.xerces.internal.parsers.XMLParser.parse(XMLParser.java:141)
	at com.sun.org.apache.xerces.internal.parsers.DOMParser.parse(DOMParser.java:243)
	at com.sun.org.apache.xerces.internal.jaxp.DocumentBuilderImpl.parse(DocumentBuilderImpl.java:347)
	at org.springframework.beans.factory.xml.DefaultDocumentLoader.loadDocument(DefaultDocumentLoader.java:75)
	at org.springframework.beans.factory.xml.XmlBeanDefinitionReader.doLoadBeanDefinitions(XmlBeanDefinitionReader.java:388)
	... 26 more

Mar 09, 2014 9:34:45 PM org.apache.catalina.core.ApplicationContext log
Informações: Closing Spring root WebApplicationContext
Mar 09, 2014 9:34:45 PM org.apache.catalina.core.StandardContext listenerStop
Grave: Exception sending context destroyed event to listener instance of class org.springframework.web.context.ContextLoaderListener
java.lang.IllegalStateException: BeanFactory not initialized or already closed - call 'refresh' before accessing beans via the ApplicationContext
	at org.springframework.context.support.AbstractRefreshableApplicationContext.getBeanFactory(AbstractRefreshableApplicationContext.java:171)
	at org.springframework.context.support.AbstractApplicationContext.destroyBeans(AbstractApplicationContext.java:1090)
	at org.springframework.context.support.AbstractApplicationContext.doClose(AbstractApplicationContext.java:1064)
	at org.springframework.context.support.AbstractApplicationContext.close(AbstractApplicationContext.java:1010)
	at org.springframework.web.context.ContextLoader.closeWebApplicationContext(ContextLoader.java:559)
	at org.springframework.web.context.ContextLoaderListener.contextDestroyed(ContextLoaderListener.java:143)
	at org.apache.catalina.core.StandardContext.listenerStop(StandardContext.java:5014)
	at org.apache.catalina.core.StandardContext.stopInternal(StandardContext.java:5659)
	at org.apache.catalina.util.LifecycleBase.stop(LifecycleBase.java:232)
	at org.apache.catalina.util.LifecycleBase.start(LifecycleBase.java:160)
	at org.apache.catalina.core.ContainerBase.addChildInternal(ContainerBase.java:901)
	at org.apache.catalina.core.ContainerBase.addChild(ContainerBase.java:877)
	at org.apache.catalina.core.StandardHost.addChild(StandardHost.java:632)
	at org.apache.catalina.startup.HostConfig.deployWAR(HostConfig.java:1073)
	at org.apache.catalina.startup.HostConfig$DeployWar.run(HostConfig.java:1857)
	at java.util.concurrent.Executors$RunnableAdapter.call(Executors.java:471)
	at java.util.concurrent.FutureTask.run(FutureTask.java:262)
	at java.util.concurrent.ThreadPoolExecutor.runWorker(ThreadPoolExecutor.java:1145)
	at java.util.concurrent.ThreadPoolExecutor$Worker.run(ThreadPoolExecutor.java:615)
	at java.lang.Thread.run(Thread.java:744)

Mar 09, 2014 9:34:46 PM org.apache.catalina.core.ApplicationContext log
Informações: ContextListener: contextInitialized()
Mar 09, 2014 9:34:46 PM org.apache.catalina.core.ApplicationContext log
Informações: SessionListener: contextInitialized()
Mar 09, 2014 9:34:46 PM org.apache.catalina.core.ApplicationContext log
Informações: ContextListener: attributeAdded('org.apache.jasper.compiler.TldLocationsCache', 'org.apache.jasper.compiler.TldLocationsCache@6c0cc94e')
Mar 09, 2014 9:35:36 PM org.apache.catalina.core.ApplicationContext log
Informações: SessionListener: contextDestroyed()
Mar 09, 2014 9:35:36 PM org.apache.catalina.core.ApplicationContext log
Informações: ContextListener: contextDestroyed()
Mar 09, 2014 9:35:59 PM org.apache.catalina.core.ApplicationContext log
Informações: No Spring WebApplicationInitializer types detected on classpath
Mar 09, 2014 9:35:59 PM org.apache.catalina.core.ApplicationContext log
Informações: Initializing Spring root WebApplicationContext
Mar 09, 2014 9:36:02 PM org.apache.catalina.core.StandardContext listenerStart
Grave: Exception sending context initialized event to listener instance of class org.springframework.web.context.ContextLoaderListener
java.lang.NoClassDefFoundError: org/apache/commons/fileupload/FileItemFactory
	at java.lang.Class.getDeclaredConstructors0(Native Method)
	at java.lang.Class.privateGetDeclaredConstructors(Class.java:2493)
	at java.lang.Class.getDeclaredConstructors(Class.java:1901)
	at org.springframework.beans.factory.annotation.AutowiredAnnotationBeanPostProcessor.determineCandidateConstructors(AutowiredAnnotationBeanPostProcessor.java:230)
	at org.springframework.beans.factory.support.AbstractAutowireCapableBeanFactory.determineConstructorsFromBeanPostProcessors(AbstractAutowireCapableBeanFactory.java:972)
	at org.springframework.beans.factory.support.AbstractAutowireCapableBeanFactory.createBeanInstance(AbstractAutowireCapableBeanFactory.java:945)
	at org.springframework.beans.factory.support.AbstractAutowireCapableBeanFactory.doCreateBean(AbstractAutowireCapableBeanFactory.java:487)
	at org.springframework.beans.factory.support.AbstractAutowireCapableBeanFactory.createBean(AbstractAutowireCapableBeanFactory.java:458)
	at org.springframework.beans.factory.support.AbstractBeanFactory$1.getObject(AbstractBeanFactory.java:295)
	at org.springframework.beans.factory.support.DefaultSingletonBeanRegistry.getSingleton(DefaultSingletonBeanRegistry.java:223)
	at org.springframework.beans.factory.support.AbstractBeanFactory.doGetBean(AbstractBeanFactory.java:292)
	at org.springframework.beans.factory.support.AbstractBeanFactory.getBean(AbstractBeanFactory.java:194)
	at org.springframework.beans.factory.support.DefaultListableBeanFactory.preInstantiateSingletons(DefaultListableBeanFactory.java:628)
	at org.springframework.context.support.AbstractApplicationContext.finishBeanFactoryInitialization(AbstractApplicationContext.java:932)
	at org.springframework.context.support.AbstractApplicationContext.refresh(AbstractApplicationContext.java:479)
	at org.springframework.web.context.ContextLoader.configureAndRefreshWebApplicationContext(ContextLoader.java:389)
	at org.springframework.web.context.ContextLoader.initWebApplicationContext(ContextLoader.java:294)
	at org.springframework.web.context.ContextLoaderListener.contextInitialized(ContextLoaderListener.java:112)
	at org.apache.catalina.core.StandardContext.listenerStart(StandardContext.java:4973)
	at org.apache.catalina.core.StandardContext.startInternal(StandardContext.java:5467)
	at org.apache.catalina.util.LifecycleBase.start(LifecycleBase.java:150)
	at org.apache.catalina.core.ContainerBase.addChildInternal(ContainerBase.java:901)
	at org.apache.catalina.core.ContainerBase.addChild(ContainerBase.java:877)
	at org.apache.catalina.core.StandardHost.addChild(StandardHost.java:632)
	at org.apache.catalina.startup.HostConfig.deployWAR(HostConfig.java:1073)
	at org.apache.catalina.startup.HostConfig$DeployWar.run(HostConfig.java:1857)
	at java.util.concurrent.Executors$RunnableAdapter.call(Executors.java:471)
	at java.util.concurrent.FutureTask.run(FutureTask.java:262)
	at java.util.concurrent.ThreadPoolExecutor.runWorker(ThreadPoolExecutor.java:1145)
	at java.util.concurrent.ThreadPoolExecutor$Worker.run(ThreadPoolExecutor.java:615)
	at java.lang.Thread.run(Thread.java:744)
Caused by: java.lang.ClassNotFoundException: org.apache.commons.fileupload.FileItemFactory
	at org.apache.catalina.loader.WebappClassLoader.loadClass(WebappClassLoader.java:1718)
	at org.apache.catalina.loader.WebappClassLoader.loadClass(WebappClassLoader.java:1569)
	... 31 more

Mar 09, 2014 9:36:02 PM org.apache.catalina.core.ApplicationContext log
Informações: Closing Spring root WebApplicationContext
Mar 09, 2014 9:36:03 PM org.apache.catalina.core.ApplicationContext log
Informações: ContextListener: contextInitialized()
Mar 09, 2014 9:36:03 PM org.apache.catalina.core.ApplicationContext log
Informações: SessionListener: contextInitialized()
Mar 09, 2014 9:36:03 PM org.apache.catalina.core.ApplicationContext log
Informações: ContextListener: attributeAdded('org.apache.jasper.compiler.TldLocationsCache', 'org.apache.jasper.compiler.TldLocationsCache@2a6026de')
Mar 09, 2014 10:08:46 PM org.apache.catalina.core.ApplicationContext log
Informações: SessionListener: contextDestroyed()
Mar 09, 2014 10:08:46 PM org.apache.catalina.core.ApplicationContext log
Informações: ContextListener: contextDestroyed()
Mar 09, 2014 10:09:34 PM org.apache.catalina.core.ApplicationContext log
Informações: No Spring WebApplicationInitializer types detected on classpath
Mar 09, 2014 10:09:34 PM org.apache.catalina.core.ApplicationContext log
Informações: Initializing Spring root WebApplicationContext
Mar 09, 2014 10:09:37 PM org.apache.catalina.core.StandardContext listenerStart
Grave: Exception sending context initialized event to listener instance of class org.springframework.web.context.ContextLoaderListener
java.lang.NoClassDefFoundError: org/apache/commons/fileupload/FileItemFactory
	at java.lang.Class.getDeclaredConstructors0(Native Method)
	at java.lang.Class.privateGetDeclaredConstructors(Class.java:2493)
	at java.lang.Class.getDeclaredConstructors(Class.java:1901)
	at org.springframework.beans.factory.annotation.AutowiredAnnotationBeanPostProcessor.determineCandidateConstructors(AutowiredAnnotationBeanPostProcessor.java:230)
	at org.springframework.beans.factory.support.AbstractAutowireCapableBeanFactory.determineConstructorsFromBeanPostProcessors(AbstractAutowireCapableBeanFactory.java:972)
	at org.springframework.beans.factory.support.AbstractAutowireCapableBeanFactory.createBeanInstance(AbstractAutowireCapableBeanFactory.java:945)
	at org.springframework.beans.factory.support.AbstractAutowireCapableBeanFactory.doCreateBean(AbstractAutowireCapableBeanFactory.java:487)
	at org.springframework.beans.factory.support.AbstractAutowireCapableBeanFactory.createBean(AbstractAutowireCapableBeanFactory.java:458)
	at org.springframework.beans.factory.support.AbstractBeanFactory$1.getObject(AbstractBeanFactory.java:295)
	at org.springframework.beans.factory.support.DefaultSingletonBeanRegistry.getSingleton(DefaultSingletonBeanRegistry.java:223)
	at org.springframework.beans.factory.support.AbstractBeanFactory.doGetBean(AbstractBeanFactory.java:292)
	at org.springframework.beans.factory.support.AbstractBeanFactory.getBean(AbstractBeanFactory.java:194)
	at org.springframework.beans.factory.support.DefaultListableBeanFactory.preInstantiateSingletons(DefaultListableBeanFactory.java:628)
	at org.springframework.context.support.AbstractApplicationContext.finishBeanFactoryInitialization(AbstractApplicationContext.java:932)
	at org.springframework.context.support.AbstractApplicationContext.refresh(AbstractApplicationContext.java:479)
	at org.springframework.web.context.ContextLoader.configureAndRefreshWebApplicationContext(ContextLoader.java:389)
	at org.springframework.web.context.ContextLoader.initWebApplicationContext(ContextLoader.java:294)
	at org.springframework.web.context.ContextLoaderListener.contextInitialized(ContextLoaderListener.java:112)
	at org.apache.catalina.core.StandardContext.listenerStart(StandardContext.java:4973)
	at org.apache.catalina.core.StandardContext.startInternal(StandardContext.java:5467)
	at org.apache.catalina.util.LifecycleBase.start(LifecycleBase.java:150)
	at org.apache.catalina.core.ContainerBase.addChildInternal(ContainerBase.java:901)
	at org.apache.catalina.core.ContainerBase.addChild(ContainerBase.java:877)
	at org.apache.catalina.core.StandardHost.addChild(StandardHost.java:632)
	at org.apache.catalina.startup.HostConfig.deployDirectory(HostConfig.java:1229)
	at org.apache.catalina.startup.HostConfig$DeployDirectory.run(HostConfig.java:1875)
	at java.util.concurrent.Executors$RunnableAdapter.call(Executors.java:471)
	at java.util.concurrent.FutureTask.run(FutureTask.java:262)
	at java.util.concurrent.ThreadPoolExecutor.runWorker(ThreadPoolExecutor.java:1145)
	at java.util.concurrent.ThreadPoolExecutor$Worker.run(ThreadPoolExecutor.java:615)
	at java.lang.Thread.run(Thread.java:744)
Caused by: java.lang.ClassNotFoundException: org.apache.commons.fileupload.FileItemFactory
	at org.apache.catalina.loader.WebappClassLoader.loadClass(WebappClassLoader.java:1718)
	at org.apache.catalina.loader.WebappClassLoader.loadClass(WebappClassLoader.java:1569)
	... 31 more

Mar 09, 2014 10:09:37 PM org.apache.catalina.core.ApplicationContext log
Informações: Closing Spring root WebApplicationContext
Mar 09, 2014 10:09:38 PM org.apache.catalina.core.ApplicationContext log
Informações: ContextListener: contextInitialized()
Mar 09, 2014 10:09:38 PM org.apache.catalina.core.ApplicationContext log
Informações: SessionListener: contextInitialized()
Mar 09, 2014 10:09:38 PM org.apache.catalina.core.ApplicationContext log
Informações: ContextListener: attributeAdded('org.apache.jasper.compiler.TldLocationsCache', 'org.apache.jasper.compiler.TldLocationsCache@7397be10')
Mar 09, 2014 10:10:40 PM org.apache.catalina.core.ApplicationContext log
Informações: SessionListener: contextDestroyed()
Mar 09, 2014 10:10:40 PM org.apache.catalina.core.ApplicationContext log
Informações: ContextListener: contextDestroyed()
Mar 09, 2014 10:10:47 PM org.apache.catalina.core.ApplicationContext log
Informações: No Spring WebApplicationInitializer types detected on classpath
Mar 09, 2014 10:10:47 PM org.apache.catalina.core.ApplicationContext log
Informações: Initializing Spring root WebApplicationContext
Mar 09, 2014 10:10:50 PM org.apache.catalina.core.ApplicationContext log
Informações: Initializing Spring FrameworkServlet 'dispatcher'
Mar 09, 2014 10:10:52 PM org.apache.catalina.core.ApplicationContext log
Informações: ContextListener: contextInitialized()
Mar 09, 2014 10:10:52 PM org.apache.catalina.core.ApplicationContext log
Informações: SessionListener: contextInitialized()
Mar 09, 2014 10:10:52 PM org.apache.catalina.core.ApplicationContext log
Informações: ContextListener: attributeAdded('org.apache.jasper.compiler.TldLocationsCache', 'org.apache.jasper.compiler.TldLocationsCache@2806a0fa')
Mar 09, 2014 10:11:02 PM org.apache.catalina.core.ApplicationContext log
Informações: Destroying Spring FrameworkServlet 'dispatcher'
Mar 09, 2014 10:11:02 PM org.apache.catalina.core.ApplicationContext log
Informações: Closing Spring root WebApplicationContext
Mar 09, 2014 10:11:02 PM org.apache.catalina.core.ApplicationContext log
Informações: SessionListener: contextDestroyed()
Mar 09, 2014 10:11:02 PM org.apache.catalina.core.ApplicationContext log
Informações: ContextListener: contextDestroyed()
Mar 09, 2014 10:12:10 PM org.apache.catalina.core.ApplicationContext log
Informações: No Spring WebApplicationInitializer types detected on classpath
Mar 09, 2014 10:12:10 PM org.apache.catalina.core.ApplicationContext log
Informações: Initializing Spring root WebApplicationContext
Mar 09, 2014 10:12:11 PM org.apache.catalina.core.StandardContext listenerStart
Grave: Exception sending context initialized event to listener instance of class org.springframework.web.context.ContextLoaderListener
org.springframework.beans.factory.BeanCreationException: Error creating bean with name 'entityManagerFactory' defined in ServletContext resource [/WEB-INF/dispatcher-servlet.xml]: Invocation of init method failed; nested exception is java.lang.IllegalArgumentException: No PersistenceProvider specified in EntityManagerFactory configuration, and chosen PersistenceUnitInfo does not specify a provider class name either
	at org.springframework.beans.factory.support.AbstractAutowireCapableBeanFactory.initializeBean(AbstractAutowireCapableBeanFactory.java:1482)
	at org.springframework.beans.factory.support.AbstractAutowireCapableBeanFactory.doCreateBean(AbstractAutowireCapableBeanFactory.java:521)
	at org.springframework.beans.factory.support.AbstractAutowireCapableBeanFactory.createBean(AbstractAutowireCapableBeanFactory.java:458)
	at org.springframework.beans.factory.support.AbstractBeanFactory$1.getObject(AbstractBeanFactory.java:295)
	at org.springframework.beans.factory.support.DefaultSingletonBeanRegistry.getSingleton(DefaultSingletonBeanRegistry.java:223)
	at org.springframework.beans.factory.support.AbstractBeanFactory.doGetBean(AbstractBeanFactory.java:292)
	at org.springframework.beans.factory.support.AbstractBeanFactory.getBean(AbstractBeanFactory.java:194)
	at org.springframework.context.support.AbstractApplicationContext.getBean(AbstractApplicationContext.java:1117)
	at org.springframework.context.support.AbstractApplicationContext.finishBeanFactoryInitialization(AbstractApplicationContext.java:922)
	at org.springframework.context.support.AbstractApplicationContext.refresh(AbstractApplicationContext.java:479)
	at org.springframework.web.context.ContextLoader.configureAndRefreshWebApplicationContext(ContextLoader.java:389)
	at org.springframework.web.context.ContextLoader.initWebApplicationContext(ContextLoader.java:294)
	at org.springframework.web.context.ContextLoaderListener.contextInitialized(ContextLoaderListener.java:112)
	at org.apache.catalina.core.StandardContext.listenerStart(StandardContext.java:4973)
	at org.apache.catalina.core.StandardContext.startInternal(StandardContext.java:5467)
	at org.apache.catalina.util.LifecycleBase.start(LifecycleBase.java:150)
	at org.apache.catalina.core.ContainerBase.addChildInternal(ContainerBase.java:901)
	at org.apache.catalina.core.ContainerBase.addChild(ContainerBase.java:877)
	at org.apache.catalina.core.StandardHost.addChild(StandardHost.java:632)
	at org.apache.catalina.startup.HostConfig.deployDirectory(HostConfig.java:1229)
	at org.apache.catalina.startup.HostConfig$DeployDirectory.run(HostConfig.java:1875)
	at java.util.concurrent.Executors$RunnableAdapter.call(Executors.java:471)
	at java.util.concurrent.FutureTask.run(FutureTask.java:262)
	at java.util.concurrent.ThreadPoolExecutor.runWorker(ThreadPoolExecutor.java:1145)
	at java.util.concurrent.ThreadPoolExecutor$Worker.run(ThreadPoolExecutor.java:615)
	at java.lang.Thread.run(Thread.java:744)
Caused by: java.lang.IllegalArgumentException: No PersistenceProvider specified in EntityManagerFactory configuration, and chosen PersistenceUnitInfo does not specify a provider class name either
	at org.springframework.orm.jpa.LocalContainerEntityManagerFactoryBean.createNativeEntityManagerFactory(LocalContainerEntityManagerFactoryBean.java:271)
	at org.springframework.orm.jpa.AbstractEntityManagerFactoryBean.afterPropertiesSet(AbstractEntityManagerFactoryBean.java:310)
	at org.springframework.beans.factory.support.AbstractAutowireCapableBeanFactory.invokeInitMethods(AbstractAutowireCapableBeanFactory.java:1541)
	at org.springframework.beans.factory.support.AbstractAutowireCapableBeanFactory.initializeBean(AbstractAutowireCapableBeanFactory.java:1479)
	... 25 more

Mar 09, 2014 10:12:11 PM org.apache.catalina.core.ApplicationContext log
Informações: Closing Spring root WebApplicationContext
Mar 09, 2014 10:12:11 PM org.apache.catalina.core.ApplicationContext log
Informações: ContextListener: contextInitialized()
Mar 09, 2014 10:12:11 PM org.apache.catalina.core.ApplicationContext log
Informações: SessionListener: contextInitialized()
Mar 09, 2014 10:12:11 PM org.apache.catalina.core.ApplicationContext log
Informações: ContextListener: attributeAdded('org.apache.jasper.compiler.TldLocationsCache', 'org.apache.jasper.compiler.TldLocationsCache@340db08d')
Mar 09, 2014 10:13:14 PM org.apache.catalina.core.ApplicationContext log
Informações: SessionListener: contextDestroyed()
Mar 09, 2014 10:13:14 PM org.apache.catalina.core.ApplicationContext log
Informações: ContextListener: contextDestroyed()
Mar 09, 2014 10:13:37 PM org.apache.catalina.core.ApplicationContext log
Informações: No Spring WebApplicationInitializer types detected on classpath
Mar 09, 2014 10:13:37 PM org.apache.catalina.core.ApplicationContext log
Informações: Initializing Spring root WebApplicationContext
Mar 09, 2014 10:13:38 PM org.apache.catalina.core.ApplicationContext log
Informações: Initializing Spring FrameworkServlet 'dispatcher'
Mar 09, 2014 10:13:40 PM org.apache.catalina.core.ApplicationContext log
Informações: ContextListener: contextInitialized()
Mar 09, 2014 10:13:40 PM org.apache.catalina.core.ApplicationContext log
Informações: SessionListener: contextInitialized()
Mar 09, 2014 10:13:40 PM org.apache.catalina.core.ApplicationContext log
Informações: ContextListener: attributeAdded('org.apache.jasper.compiler.TldLocationsCache', 'org.apache.jasper.compiler.TldLocationsCache@32ed93a9')
Mar 09, 2014 10:15:14 PM org.apache.catalina.core.ApplicationContext log
Informações: Destroying Spring FrameworkServlet 'dispatcher'
Mar 09, 2014 10:15:14 PM org.apache.catalina.core.ApplicationContext log
Informações: Closing Spring root WebApplicationContext
Mar 09, 2014 10:15:14 PM org.apache.catalina.core.ApplicationContext log
Informações: SessionListener: contextDestroyed()
Mar 09, 2014 10:15:14 PM org.apache.catalina.core.ApplicationContext log
Informações: ContextListener: contextDestroyed()
Mar 09, 2014 10:15:34 PM org.apache.catalina.core.ApplicationContext log
Informações: No Spring WebApplicationInitializer types detected on classpath
Mar 09, 2014 10:15:34 PM org.apache.catalina.core.ApplicationContext log
Informações: Initializing Spring root WebApplicationContext
Mar 09, 2014 10:15:37 PM org.apache.catalina.core.ApplicationContext log
Informações: Initializing Spring FrameworkServlet 'dispatcher'
Mar 09, 2014 10:15:38 PM org.apache.catalina.core.ApplicationContext log
Informações: ContextListener: contextInitialized()
Mar 09, 2014 10:15:38 PM org.apache.catalina.core.ApplicationContext log
Informações: SessionListener: contextInitialized()
Mar 09, 2014 10:15:38 PM org.apache.catalina.core.ApplicationContext log
Informações: ContextListener: attributeAdded('org.apache.jasper.compiler.TldLocationsCache', 'org.apache.jasper.compiler.TldLocationsCache@411f8c70')
Mar 09, 2014 10:16:26 PM org.apache.catalina.core.ApplicationContext log
Informações: Destroying Spring FrameworkServlet 'dispatcher'
Mar 09, 2014 10:16:26 PM org.apache.catalina.core.ApplicationContext log
Informações: Closing Spring root WebApplicationContext
Mar 09, 2014 10:16:26 PM org.apache.catalina.core.ApplicationContext log
Informações: SessionListener: contextDestroyed()
Mar 09, 2014 10:16:26 PM org.apache.catalina.core.ApplicationContext log
Informações: ContextListener: contextDestroyed()
Mar 09, 2014 10:16:49 PM org.apache.catalina.core.ApplicationContext log
Informações: No Spring WebApplicationInitializer types detected on classpath
Mar 09, 2014 10:16:49 PM org.apache.catalina.core.ApplicationContext log
Informações: Initializing Spring root WebApplicationContext
Mar 09, 2014 10:16:50 PM org.apache.catalina.core.ApplicationContext log
Informações: Initializing Spring FrameworkServlet 'dispatcher'
Mar 09, 2014 10:16:51 PM org.apache.catalina.core.ApplicationContext log
Informações: ContextListener: contextInitialized()
Mar 09, 2014 10:16:51 PM org.apache.catalina.core.ApplicationContext log
Informações: SessionListener: contextInitialized()
Mar 09, 2014 10:16:51 PM org.apache.catalina.core.ApplicationContext log
Informações: ContextListener: attributeAdded('org.apache.jasper.compiler.TldLocationsCache', 'org.apache.jasper.compiler.TldLocationsCache@3f794b56')
Mar 09, 2014 10:19:16 PM org.apache.catalina.core.ApplicationContext log
Informações: Destroying Spring FrameworkServlet 'dispatcher'
Mar 09, 2014 10:19:16 PM org.apache.catalina.core.ApplicationContext log
Informações: Closing Spring root WebApplicationContext
Mar 09, 2014 10:19:16 PM org.apache.catalina.core.ApplicationContext log
Informações: SessionListener: contextDestroyed()
Mar 09, 2014 10:19:16 PM org.apache.catalina.core.ApplicationContext log
Informações: ContextListener: contextDestroyed()
Mar 09, 2014 10:19:32 PM org.apache.catalina.core.ApplicationContext log
Informações: No Spring WebApplicationInitializer types detected on classpath
Mar 09, 2014 10:19:32 PM org.apache.catalina.core.ApplicationContext log
Informações: Initializing Spring root WebApplicationContext
Mar 09, 2014 10:19:34 PM org.apache.catalina.core.ApplicationContext log
Informações: Initializing Spring FrameworkServlet 'dispatcher'
Mar 09, 2014 10:19:36 PM org.apache.catalina.core.ApplicationContext log
Informações: ContextListener: contextInitialized()
Mar 09, 2014 10:19:36 PM org.apache.catalina.core.ApplicationContext log
Informações: SessionListener: contextInitialized()
Mar 09, 2014 10:19:36 PM org.apache.catalina.core.ApplicationContext log
Informações: ContextListener: attributeAdded('org.apache.jasper.compiler.TldLocationsCache', 'org.apache.jasper.compiler.TldLocationsCache@90a9530')
Mar 09, 2014 10:21:10 PM org.apache.catalina.core.ApplicationContext log
Informações: Destroying Spring FrameworkServlet 'dispatcher'
Mar 09, 2014 10:21:10 PM org.apache.catalina.core.ApplicationContext log
Informações: Closing Spring root WebApplicationContext
Mar 09, 2014 10:21:10 PM org.apache.catalina.core.ApplicationContext log
Informações: SessionListener: contextDestroyed()
Mar 09, 2014 10:21:10 PM org.apache.catalina.core.ApplicationContext log
Informações: ContextListener: contextDestroyed()
Mar 09, 2014 10:21:28 PM org.apache.catalina.core.ApplicationContext log
Informações: No Spring WebApplicationInitializer types detected on classpath
Mar 09, 2014 10:21:28 PM org.apache.catalina.core.ApplicationContext log
Informações: Initializing Spring root WebApplicationContext
Mar 09, 2014 10:21:28 PM org.apache.catalina.core.StandardContext listenerStart
Grave: Exception sending context initialized event to listener instance of class org.springframework.web.context.ContextLoaderListener
org.springframework.beans.factory.BeanDefinitionStoreException: IOException parsing XML document from ServletContext resource [/WEB-INF/applicationContext.xml]; nested exception is java.io.FileNotFoundException: Could not open ServletContext resource [/WEB-INF/applicationContext.xml]
	at org.springframework.beans.factory.xml.XmlBeanDefinitionReader.loadBeanDefinitions(XmlBeanDefinitionReader.java:341)
	at org.springframework.beans.factory.xml.XmlBeanDefinitionReader.loadBeanDefinitions(XmlBeanDefinitionReader.java:302)
	at org.springframework.beans.factory.support.AbstractBeanDefinitionReader.loadBeanDefinitions(AbstractBeanDefinitionReader.java:174)
	at org.springframework.beans.factory.support.AbstractBeanDefinitionReader.loadBeanDefinitions(AbstractBeanDefinitionReader.java:209)
	at org.springframework.beans.factory.support.AbstractBeanDefinitionReader.loadBeanDefinitions(AbstractBeanDefinitionReader.java:180)
	at org.springframework.web.context.support.XmlWebApplicationContext.loadBeanDefinitions(XmlWebApplicationContext.java:125)
	at org.springframework.web.context.support.XmlWebApplicationContext.loadBeanDefinitions(XmlWebApplicationContext.java:94)
	at org.springframework.context.support.AbstractRefreshableApplicationContext.refreshBeanFactory(AbstractRefreshableApplicationContext.java:130)
	at org.springframework.context.support.AbstractApplicationContext.obtainFreshBeanFactory(AbstractApplicationContext.java:537)
	at org.springframework.context.support.AbstractApplicationContext.refresh(AbstractApplicationContext.java:451)
	at org.springframework.web.context.ContextLoader.configureAndRefreshWebApplicationContext(ContextLoader.java:389)
	at org.springframework.web.context.ContextLoader.initWebApplicationContext(ContextLoader.java:294)
	at org.springframework.web.context.ContextLoaderListener.contextInitialized(ContextLoaderListener.java:112)
	at org.apache.catalina.core.StandardContext.listenerStart(StandardContext.java:4973)
	at org.apache.catalina.core.StandardContext.startInternal(StandardContext.java:5467)
	at org.apache.catalina.util.LifecycleBase.start(LifecycleBase.java:150)
	at org.apache.catalina.core.ContainerBase.addChildInternal(ContainerBase.java:901)
	at org.apache.catalina.core.ContainerBase.addChild(ContainerBase.java:877)
	at org.apache.catalina.core.StandardHost.addChild(StandardHost.java:632)
	at org.apache.catalina.startup.HostConfig.deployDirectory(HostConfig.java:1229)
	at org.apache.catalina.startup.HostConfig$DeployDirectory.run(HostConfig.java:1875)
	at java.util.concurrent.Executors$RunnableAdapter.call(Executors.java:471)
	at java.util.concurrent.FutureTask.run(FutureTask.java:262)
	at java.util.concurrent.ThreadPoolExecutor.runWorker(ThreadPoolExecutor.java:1145)
	at java.util.concurrent.ThreadPoolExecutor$Worker.run(ThreadPoolExecutor.java:615)
	at java.lang.Thread.run(Thread.java:744)
Caused by: java.io.FileNotFoundException: Could not open ServletContext resource [/WEB-INF/applicationContext.xml]
	at org.springframework.web.context.support.ServletContextResource.getInputStream(ServletContextResource.java:140)
	at org.springframework.beans.factory.xml.XmlBeanDefinitionReader.loadBeanDefinitions(XmlBeanDefinitionReader.java:328)
	... 25 more

Mar 09, 2014 10:21:28 PM org.apache.catalina.core.ApplicationContext log
Informações: Closing Spring root WebApplicationContext
Mar 09, 2014 10:21:28 PM org.apache.catalina.core.StandardContext listenerStop
Grave: Exception sending context destroyed event to listener instance of class org.springframework.web.context.ContextLoaderListener
java.lang.IllegalStateException: BeanFactory not initialized or already closed - call 'refresh' before accessing beans via the ApplicationContext
	at org.springframework.context.support.AbstractRefreshableApplicationContext.getBeanFactory(AbstractRefreshableApplicationContext.java:171)
	at org.springframework.context.support.AbstractApplicationContext.destroyBeans(AbstractApplicationContext.java:1090)
	at org.springframework.context.support.AbstractApplicationContext.doClose(AbstractApplicationContext.java:1064)
	at org.springframework.context.support.AbstractApplicationContext.close(AbstractApplicationContext.java:1010)
	at org.springframework.web.context.ContextLoader.closeWebApplicationContext(ContextLoader.java:559)
	at org.springframework.web.context.ContextLoaderListener.contextDestroyed(ContextLoaderListener.java:143)
	at org.apache.catalina.core.StandardContext.listenerStop(StandardContext.java:5014)
	at org.apache.catalina.core.StandardContext.stopInternal(StandardContext.java:5659)
	at org.apache.catalina.util.LifecycleBase.stop(LifecycleBase.java:232)
	at org.apache.catalina.util.LifecycleBase.start(LifecycleBase.java:160)
	at org.apache.catalina.core.ContainerBase.addChildInternal(ContainerBase.java:901)
	at org.apache.catalina.core.ContainerBase.addChild(ContainerBase.java:877)
	at org.apache.catalina.core.StandardHost.addChild(StandardHost.java:632)
	at org.apache.catalina.startup.HostConfig.deployDirectory(HostConfig.java:1229)
	at org.apache.catalina.startup.HostConfig$DeployDirectory.run(HostConfig.java:1875)
	at java.util.concurrent.Executors$RunnableAdapter.call(Executors.java:471)
	at java.util.concurrent.FutureTask.run(FutureTask.java:262)
	at java.util.concurrent.ThreadPoolExecutor.runWorker(ThreadPoolExecutor.java:1145)
	at java.util.concurrent.ThreadPoolExecutor$Worker.run(ThreadPoolExecutor.java:615)
	at java.lang.Thread.run(Thread.java:744)

Mar 09, 2014 10:21:29 PM org.apache.catalina.core.ApplicationContext log
Informações: ContextListener: contextInitialized()
Mar 09, 2014 10:21:29 PM org.apache.catalina.core.ApplicationContext log
Informações: SessionListener: contextInitialized()
Mar 09, 2014 10:21:29 PM org.apache.catalina.core.ApplicationContext log
Informações: ContextListener: attributeAdded('org.apache.jasper.compiler.TldLocationsCache', 'org.apache.jasper.compiler.TldLocationsCache@70a81b43')
Mar 09, 2014 10:22:14 PM org.apache.catalina.core.ApplicationContext log
Informações: SessionListener: contextDestroyed()
Mar 09, 2014 10:22:14 PM org.apache.catalina.core.ApplicationContext log
Informações: ContextListener: contextDestroyed()
Mar 09, 2014 10:22:20 PM org.apache.catalina.core.ApplicationContext log
Informações: No Spring WebApplicationInitializer types detected on classpath
Mar 09, 2014 10:22:20 PM org.apache.catalina.core.ApplicationContext log
Informações: Initializing Spring root WebApplicationContext
Mar 09, 2014 10:22:22 PM org.apache.catalina.core.ApplicationContext log
Informações: Initializing Spring FrameworkServlet 'dispatcher'
Mar 09, 2014 10:22:24 PM org.apache.catalina.core.ApplicationContext log
Informações: ContextListener: contextInitialized()
Mar 09, 2014 10:22:24 PM org.apache.catalina.core.ApplicationContext log
Informações: SessionListener: contextInitialized()
Mar 09, 2014 10:22:24 PM org.apache.catalina.core.ApplicationContext log
Informações: ContextListener: attributeAdded('org.apache.jasper.compiler.TldLocationsCache', 'org.apache.jasper.compiler.TldLocationsCache@1560dc82')
Mar 09, 2014 10:22:36 PM org.apache.catalina.core.ApplicationContext log
Informações: Destroying Spring FrameworkServlet 'dispatcher'
Mar 09, 2014 10:22:36 PM org.apache.catalina.core.ApplicationContext log
Informações: Closing Spring root WebApplicationContext
Mar 09, 2014 10:22:36 PM org.apache.catalina.core.ApplicationContext log
Informações: SessionListener: contextDestroyed()
Mar 09, 2014 10:22:36 PM org.apache.catalina.core.ApplicationContext log
Informações: ContextListener: contextDestroyed()
Mar 09, 2014 10:24:44 PM org.apache.catalina.core.ApplicationContext log
Informações: No Spring WebApplicationInitializer types detected on classpath
Mar 09, 2014 10:24:44 PM org.apache.catalina.core.ApplicationContext log
Informações: Initializing Spring root WebApplicationContext
Mar 09, 2014 10:24:49 PM org.apache.catalina.core.ApplicationContext log
Informações: Initializing Spring FrameworkServlet 'dispatcher'
Mar 09, 2014 10:24:51 PM org.apache.catalina.core.ApplicationContext log
Informações: ContextListener: contextInitialized()
Mar 09, 2014 10:24:51 PM org.apache.catalina.core.ApplicationContext log
Informações: SessionListener: contextInitialized()
Mar 09, 2014 10:24:51 PM org.apache.catalina.core.ApplicationContext log
Informações: ContextListener: attributeAdded('org.apache.jasper.compiler.TldLocationsCache', 'org.apache.jasper.compiler.TldLocationsCache@1d2d458f')
Mar 09, 2014 10:25:04 PM org.apache.catalina.core.ApplicationContext log
Informações: No Spring WebApplicationInitializer types detected on classpath
Mar 09, 2014 10:25:04 PM org.apache.catalina.core.ApplicationContext log
Informações: Initializing Spring root WebApplicationContext
Mar 09, 2014 10:25:06 PM org.apache.catalina.core.ApplicationContext log
Informações: Initializing Spring FrameworkServlet 'dispatcher'
Mar 09, 2014 10:25:07 PM org.apache.catalina.core.ApplicationContext log
Informações: Destroying Spring FrameworkServlet 'dispatcher'
Mar 09, 2014 10:25:07 PM org.apache.catalina.core.ApplicationContext log
Informações: Closing Spring root WebApplicationContext
Mar 09, 2014 10:25:07 PM org.apache.catalina.core.ApplicationContext log
Informações: SessionListener: contextDestroyed()
Mar 09, 2014 10:25:07 PM org.apache.catalina.core.ApplicationContext log
Informações: ContextListener: contextDestroyed()
Mar 09, 2014 10:25:08 PM org.apache.catalina.core.ApplicationContext log
Informações: ContextListener: contextInitialized()
Mar 09, 2014 10:25:08 PM org.apache.catalina.core.ApplicationContext log
Informações: SessionListener: contextInitialized()
Mar 09, 2014 10:25:08 PM org.apache.catalina.core.ApplicationContext log
Informações: ContextListener: attributeAdded('org.apache.jasper.compiler.TldLocationsCache', 'org.apache.jasper.compiler.TldLocationsCache@170d5616')
Mar 09, 2014 10:25:08 PM org.apache.catalina.core.ApplicationContext log
Informações: Destroying Spring FrameworkServlet 'dispatcher'
Mar 09, 2014 10:25:08 PM org.apache.catalina.core.ApplicationContext log
Informações: Closing Spring root WebApplicationContext
Mar 09, 2014 10:25:08 PM org.apache.catalina.core.ApplicationContext log
Informações: SessionListener: contextDestroyed()
Mar 09, 2014 10:25:08 PM org.apache.catalina.core.ApplicationContext log
Informações: ContextListener: contextDestroyed()
Mar 09, 2014 10:25:17 PM org.apache.catalina.core.ApplicationContext log
Informações: No Spring WebApplicationInitializer types detected on classpath
Mar 09, 2014 10:25:17 PM org.apache.catalina.core.ApplicationContext log
Informações: Initializing Spring root WebApplicationContext
Mar 09, 2014 10:25:19 PM org.apache.catalina.core.ApplicationContext log
Informações: Initializing Spring FrameworkServlet 'dispatcher'
Mar 09, 2014 10:25:21 PM org.apache.catalina.core.ApplicationContext log
Informações: ContextListener: contextInitialized()
Mar 09, 2014 10:25:21 PM org.apache.catalina.core.ApplicationContext log
Informações: SessionListener: contextInitialized()
Mar 09, 2014 10:25:21 PM org.apache.catalina.core.ApplicationContext log
Informações: ContextListener: attributeAdded('org.apache.jasper.compiler.TldLocationsCache', 'org.apache.jasper.compiler.TldLocationsCache@d5b97ee')
Mar 09, 2014 10:25:25 PM org.apache.catalina.core.ApplicationContext log
Informações: Destroying Spring FrameworkServlet 'dispatcher'
Mar 09, 2014 10:25:25 PM org.apache.catalina.core.ApplicationContext log
Informações: Closing Spring root WebApplicationContext
Mar 09, 2014 10:25:25 PM org.apache.catalina.core.ApplicationContext log
Informações: SessionListener: contextDestroyed()
Mar 09, 2014 10:25:25 PM org.apache.catalina.core.ApplicationContext log
Informações: ContextListener: contextDestroyed()
Mar 09, 2014 10:35:59 PM org.apache.catalina.core.ApplicationContext log
Informações: No Spring WebApplicationInitializer types detected on classpath
Mar 09, 2014 10:35:59 PM org.apache.catalina.core.ApplicationContext log
Informações: Initializing Spring root WebApplicationContext
Mar 09, 2014 10:36:08 PM org.apache.catalina.core.ApplicationContext log
Informações: Initializing Spring FrameworkServlet 'dispatcher'
Mar 09, 2014 10:36:09 PM org.apache.catalina.core.ApplicationContext log
Informações: ContextListener: contextInitialized()
Mar 09, 2014 10:36:09 PM org.apache.catalina.core.ApplicationContext log
Informações: SessionListener: contextInitialized()
Mar 09, 2014 10:36:09 PM org.apache.catalina.core.ApplicationContext log
Informações: ContextListener: attributeAdded('org.apache.jasper.compiler.TldLocationsCache', 'org.apache.jasper.compiler.TldLocationsCache@14a1c910')
